<?xml version="1.0" encoding="UTF-8"?>
<testng-results ignored="0" total="2" passed="2" failed="0" skipped="0">
  <reporter-output>
  </reporter-output>
  <suite started-at="2021-03-17T20:22:17 PKT" name="Default suite" finished-at="2021-03-17T20:22:17 PKT" duration-ms="789">
    <groups>
    </groups>
    <test started-at="2021-03-17T20:22:17 PKT" name="Default test" finished-at="2021-03-17T20:22:17 PKT" duration-ms="789">
      <class name="ui.excelDataProvider">
        <test-method signature="test(java.lang.String, java.lang.String)[pri:0, instance:ui.excelDataProvider@47af7f3d]" started-at="2021-03-17T20:22:17 PKT" name="test" data-provider="test1" finished-at="2021-03-17T20:22:17 PKT" duration-ms="61" status="PASS">
          <params>
            <param index="0">
              <value>
                <![CDATA[user1]]>
              </value>
            </param>
            <param index="1">
              <value>
                <![CDATA[pass1]]>
              </value>
            </param>
          </params>
          <reporter-output>
          </reporter-output>
        </test-method> <!-- test -->
        <test-method signature="test(java.lang.String, java.lang.String)[pri:0, instance:ui.excelDataProvider@47af7f3d]" started-at="2021-03-17T20:22:17 PKT" name="test" data-provider="test1" finished-at="2021-03-17T20:22:17 PKT" duration-ms="2" status="PASS">
          <params>
            <param index="0">
              <value>
                <![CDATA[user2]]>
              </value>
            </param>
            <param index="1">
              <value>
                <![CDATA[pass2]]>
              </value>
            </param>
          </params>
          <reporter-output>
          </reporter-output>
        </test-method> <!-- test -->
      </class> <!-- ui.excelDataProvider -->
    </test> <!-- Default test -->
  </suite> <!-- Default suite -->
</testng-results>
